<?xml version="1.0" encoding="UTF-8"?>
<!-- Generated by org.testng.reporters.JUnitReportReporter -->
<testsuite hostname="Reshmas-MacBook-Air.local" failures="0" tests="2" name="testngannotations.realtime" time="20.032" errors="0" timestamp="2023-06-07T11:57:19 IST" skipped="0">
  <testcase classname="testngannotations.realtime" name="tc2" time="4.341"/>
  <system-out/>
  <testcase classname="testngannotations.realtime" name="tc1" time="15.691"/>
  <system-out/>
</testsuite> <!-- testngannotations.realtime -->
