<?xml version="1.0" encoding="UTF-8"?>
<!-- Generated by org.testng.reporters.JUnitReportReporter -->
<testsuite hostname="Reshmas-MacBook-Air.local" failures="0" tests="1" name="testngwaits.fluent" time="17.318" errors="0" timestamp="2023-06-08T12:20:27 IST" skipped="0">
  <testcase classname="testngwaits.fluent" name="imp" time="17.318"/>
  <system-out/>
</testsuite> <!-- testngwaits.fluent -->
