<?xml version="1.0" encoding="UTF-8"?>
<!-- Generated by org.testng.reporters.JUnitReportReporter -->
<testsuite hostname="Reshmas-MacBook-Air.local" failures="0" tests="3" name="testngdataprovider.data1" time="32.745" errors="0" timestamp="2023-06-12T11:54:29 IST" skipped="0">
  <testcase classname="testngdataprovider.data1" name="DataProvSampleTest" time="13.869"/>
  <system-out/>
  <testcase classname="testngdataprovider.data1" name="DataProvSampleTest" time="9.362"/>
  <system-out/>
  <testcase classname="testngdataprovider.data1" name="DataProvSampleTest" time="9.514"/>
  <system-out/>
</testsuite> <!-- testngdataprovider.data1 -->
