<?xml version="1.0" encoding="UTF-8"?>
<!-- Generated by org.testng.reporters.JUnitReportReporter -->
<testsuite hostname="Reshmas-MacBook-Air.local" failures="0" tests="4" name="testngdataprovider.practice" time="64.690" errors="0" timestamp="2023-06-12T12:18:09 IST" skipped="0">
  <testcase classname="testngdataprovider.practice" name="fb" time="15.113"/>
  <system-out/>
  <testcase classname="testngdataprovider.practice" name="fb" time="18.164"/>
  <system-out/>
  <testcase classname="testngdataprovider.practice" name="fb" time="15.415"/>
  <system-out/>
  <testcase classname="testngdataprovider.practice" name="fb" time="15.998"/>
  <system-out/>
</testsuite> <!-- testngdataprovider.practice -->
