<?xml version="1.0" encoding="UTF-8"?>
<!-- Generated by org.testng.reporters.JUnitReportReporter -->
<testsuite hostname="Reshmas-MacBook-Air.local" failures="0" tests="2" name="testngdepend.methoddepend" time="0.008" errors="0" timestamp="2023-06-06T12:16:37 IST" skipped="0">
  <testcase classname="testngdepend.methoddepend" name="hi" time="0.007"/>
  <system-out/>
  <testcase classname="testngdepend.methoddepend" name="hola" time="0.001"/>
  <system-out/>
</testsuite> <!-- testngdepend.methoddepend -->
