<?xml version="1.0" encoding="UTF-8"?>
<!-- Generated by org.testng.reporters.JUnitReportReporter -->
<testsuite hostname="Reshmas-MacBook-Air.local" failures="0" tests="5" name="testngdepend.realtime" time="39.559" errors="0" timestamp="2023-06-06T12:42:06 IST" skipped="0">
  <testcase classname="testngdepend.realtime" name="open" time="16.842"/>
  <system-out/>
  <testcase classname="testngdepend.realtime" name="max" time="4.437"/>
  <system-out/>
  <testcase classname="testngdepend.realtime" name="refresh" time="0.075"/>
  <system-out/>
  <testcase classname="testngdepend.realtime" name="images" time="15.096"/>
  <system-out/>
  <testcase classname="testngdepend.realtime" name="close" time="3.109"/>
  <system-out/>
</testsuite> <!-- testngdepend.realtime -->
