<?xml version="1.0" encoding="UTF-8"?>
<!-- Generated by org.testng.reporters.JUnitReportReporter -->
<testsuite hostname="Reshmas-MacBook-Air.local" failures="0" tests="2" name="testngannotations.typesandorder" time="0.011" errors="0" timestamp="2023-06-07T11:47:12 IST" skipped="0">
  <testcase classname="testngannotations.typesandorder" name="tc2" time="0.002"/>
  <system-out/>
  <testcase classname="testngannotations.typesandorder" name="tc1" time="0.009"/>
  <system-out/>
</testsuite> <!-- testngannotations.typesandorder -->
