<?xml version="1.0" encoding="UTF-8"?>
<!-- Generated by org.testng.reporters.JUnitReportReporter -->
<testsuite hostname="Reshmas-MacBook-Air.local" failures="0" tests="1" name="testngassertion.softassert" time="21.029" errors="0" timestamp="2023-06-12T11:46:47 IST" skipped="0">
  <testcase classname="testngassertion.softassert" name="at" time="21.029"/>
  <system-out/>
</testsuite> <!-- testngassertion.softassert -->
