<?xml version="1.0" encoding="UTF-8"?>
<!-- Generated by org.testng.reporters.JUnitReportReporter -->
<testsuite hostname="Reshmas-MacBook-Air.local" failures="0" tests="5" name="testng.basics" time="0.011" errors="0" timestamp="2023-06-06T11:59:42 IST" skipped="1">
  <testcase classname="testng.basics" name="m1" time="0.007"/>
  <system-out/>
  <testcase classname="testng.basics" name="m1" time="0.002"/>
  <system-out/>
  <testcase classname="testng.basics" name="m1" time="0.001"/>
  <system-out/>
  <testcase classname="testng.basics" name="m2" time="0.001"/>
  <system-out/>
  <testcase classname="testng.basics" name="ab">
    <skipped/>
  </testcase> <!-- ab -->
  <system-out/>
</testsuite> <!-- testng.basics -->
