<?xml version="1.0" encoding="UTF-8"?>
<!-- Generated by org.testng.reporters.JUnitReportReporter -->
<testsuite hostname="Reshmas-MacBook-Air.local" failures="0" tests="1" name="testngassertion.assertiontypes" time="17.774" errors="0" timestamp="2023-06-07T12:14:08 IST" skipped="0">
  <testcase classname="testngassertion.assertiontypes" name="at" time="17.774"/>
  <system-out/>
</testsuite> <!-- testngassertion.assertiontypes -->
