<?xml version="1.0" encoding="UTF-8"?>
<!-- Generated by org.testng.reporters.JUnitReportReporter -->
<testsuite hostname="Reshmas-MacBook-Air.local" failures="0" tests="1" name="testngwaits.implicit" time="28.850" errors="0" timestamp="2023-06-08T11:50:18 IST" skipped="0">
  <testcase classname="testngwaits.implicit" name="imp" time="28.850"/>
  <system-out/>
</testsuite> <!-- testngwaits.implicit -->
