<?xml version="1.0" encoding="UTF-8"?>
<!-- Generated by org.testng.reporters.JUnitReportReporter -->
<testsuite hostname="Reshmas-MacBook-Air.local" failures="0" tests="1" name="testng.timeoutattribute" time="3.025" errors="0" timestamp="2023-06-06T12:06:33 IST" skipped="0">
  <testcase classname="testng.timeoutattribute" name="z" time="3.025"/>
  <system-out/>
</testsuite> <!-- testng.timeoutattribute -->
